Watching for changes in D:\Alited\Documents\Tools\code\Hugo\business-news\{archetypes,assets,content,data,i18n,layouts,node_modules,package.json,static}
Watching for config changes in D:\Alited\Documents\Tools\code\Hugo\business-news\config\_default, D:\Alited\Documents\Tools\code\Hugo\business-news\config\_default\menus, D:\Alited\Documents\Tools\code\Hugo\business-news\go.mod
Start building sites 鈥?
hugo v0.142.0-1f746a872442e66b6afd47c8c04ac42dc92cdb6f+extended windows/amd64 BuildDate=2025-01-22T12:20:52Z VendorInfo=gohugoio

.\bin\hugo.exe : WARN  
calling IsSet with 
unsupported type 
"invalid" (<nil>) will 
always return false.
At line:1 char:1
+ .\bin\hugo.exe server 
-D 2>&1 | Out-File 
-Encoding utf8 
build_really_ ...
+ ~~~~~~~~~~~~~~~~~~~~~~~~
~~~~~
    + CategoryInfo        
      : NotSpecified: (W  
  ARN  calling I...s re   
 turn false.:String) [    
], RemoteException
    + FullyQualifiedError 
   Id : NativeCommandErr  
  or
 
WARN  Description too 
short on page 
'/tags/market'. 0 
characters is < 110
WARN  Description too 
short on page 
'/categories'. 0 
characters is < 110
WARN  Description too 
short on page '/posts'. 0 
characters is < 110
WARN  Description too 
short on page '/404'. 0 
characters is < 110
WARN  [Thulite SEO] 
assets/favicon.png does 
not exist. Add a file 
that's at least 512x512 
pixels.
WARN  Description too 
short on page 
'/posts/first-post'. 79 
characters is < 110
WARN  Description too 
short on page 
'/tags/tech'. 0 
characters is < 110
WARN  Description too 
short on page 
'/categories/news'. 0 
characters is < 110
WARN  Description too 
short on page 
'/tags/finance'. 0 
characters is < 110
WARN  Description too 
short on page 
'/contributors'. 0 
characters is < 110
WARN  Description too 
short on page '/tags'. 0 
characters is < 110
WARN  Description too 
short on page '/'. 0 
characters is < 110
WARN  LOADING LOCAL BASEOF
ERROR deprecated: 
.Site.IsMultiLingual was 
deprecated in Hugo 
v0.124.0 and will be 
removed in Hugo 0.143.0. 
Use hugo.IsMultilingual 
instead.
Built in 649 ms
Error: error building site: logged 1 error(s)
